[32minfo[39m -  Running on sauce
PARENT FOLDER IS: /,/,/,/,/,/
[32minfo[39m -  File SauceResults.xml removed!
[32minfo[39m -  The test link file was saved!
<testsuite name="Mocha Tests" tests="2" failures="1" errors="1" skipped="0" timestamp="Wed, 14 Jan 2015 18:52:12 GMT" time="0.834">
<testcase classname="User" name="can access google" time="0.361"/>
<testcase classname="Fire - iOS Functional Test - Create a Reminder (CVS Specialty)" name="should be able to click setup new reminder" time="0.469"><failure><![CDATA[[waitForElementByAndroidUIAutomator(&amp;quot;new UiSelector().resourceId(\&amp;quot;com.cvshealth.specialtyrx:id/new_reminder\&amp;quot;)&amp;quot;,{},120000,500)] [elements(&amp;quot;-android uiautomator&amp;quot;,&amp;quot;new UiSelector().resourceId(\&amp;quot;com.cvshealth.specialtyrx:id/new_reminder\&amp;quot;)&amp;quot;)] Not JSON response
Error: [elements(&quot;-android uiautomator&quot;,&quot;new UiSelector().resourceId(\&quot;com.cvshealth.specialtyrx:id/new_reminder\&quot;)&quot;)] Not JSON response
    at exports.newError (/Users/ecarmichael/Repos/Fire/Mobsource_GradleTemplate_Android/tests/node_modules/wd/lib/utils.js:139:13)
    at /Users/ecarmichael/Repos/Fire/Mobsource_GradleTemplate_Android/tests/node_modules/wd/lib/callbacks.js:59:17
    at /Users/ecarmichael/Repos/Fire/Mobsource_GradleTemplate_Android/tests/node_modules/wd/lib/webdriver.js:169:5
    at Request._callback (/Users/ecarmichael/Repos/Fire/Mobsource_GradleTemplate_Android/tests/node_modules/wd/lib/http-utils.js:84:7)
    at Request.self.callback (/Users/ecarmichael/Repos/Fire/Mobsource_GradleTemplate_Android/tests/node_modules/wd/node_modules/request/request.js:236:22)
    at Request.EventEmitter.emit (events.js:98:17)
    at Request.&lt;anonymous&gt; (/Users/ecarmichael/Repos/Fire/Mobsource_GradleTemplate_Android/tests/node_modules/wd/node_modules/request/request.js:1142:14)
    at Request.EventEmitter.emit (events.js:117:20)
    at IncomingMessage.&lt;anonymous&gt; (/Users/ecarmichael/Repos/Fire/Mobsource_GradleTemplate_Android/tests/node_modules/wd/node_modules/request/request.js:1096:12)
    at IncomingMessage.EventEmitter.emit (events.js:117:20)
    at _stream_readable.js:920:16
    at process._tickCallback (node.js:415:13)]]></failure></testcase>
</testsuite>
